[15-Oct-2022 16:34:08 UTC] PHP Fatal error:  Uncaught Twig\Error\LoaderError: Unable to find template "parts/scripts/scripts-head.twig" (looked into: /www/kinsta/public/portfolio/wp-content/themes/portfolio, /www/kinsta/public/portfolio/wp-content/themes/portfolio/views, ) in "html-header.twig" at line 26. in /www/kinsta/public/portfolio/wp-content/plugins/timber-library/vendor/twig/twig/src/Loader/FilesystemLoader.php:265
Stack trace:
#0 /www/kinsta/public/portfolio/wp-content/plugins/timber-library/vendor/twig/twig/src/Loader/FilesystemLoader.php(161): Twig\Loader\FilesystemLoader->findTemplate()
#1 /www/kinsta/public/portfolio/wp-content/plugins/timber-library/vendor/twig/twig/src/Environment.php(351): Twig\Loader\FilesystemLoader->getCacheKey()
#2 /www/kinsta/public/portfolio/wp-content/plugins/timber-library/vendor/twig/twig/src/Environment.php(445): Twig\Environment->getTemplateClass()
#3 /www/kinsta/public/portfolio/wp-content/plugins/timber-library/vendor/twig/twig/src/Template.php(377): Twig\Environment->loadTemplate()
#4 /www/kinsta/public/portfolio/wp-content/plugins/timber-library/vendor/twig/twig/src/Environment.php(497) : eval()'d code(111): Twig\Template->loadTemplate()
#5 /www/kinsta/public/portfolio/wp-content/plugins/timber-library/vendor/twig/twig/src/Template.php(455): __TwigTemplate_c4fb34adb14ed530d58334bceb3e6ad1619625a32843e718150a09a7edd97ed4->doDisplay()
#6 /www/kinsta/public/portfolio/wp-content/plugins/timber-library/vendor/twig/twig/src/Template.php(422): Twig\Template->displayWithErrorHandling()
#7 /www/kinsta/public/portfolio/wp-content/plugins/timber-library/vendor/twig/twig/src/Environment.php(497) : eval()'d code(39): Twig\Template->display()
#8 /www/kinsta/public/portfolio/wp-content/plugins/timber-library/vendor/twig/twig/src/Template.php(455): __TwigTemplate_b119613360a5ac0f34328c2fa49c6b7a515d022552ab67104448acc4d7c5a9df->doDisplay()
#9 /www/kinsta/public/portfolio/wp-content/plugins/timber-library/vendor/twig/twig/src/Template.php(422): Twig\Template->displayWithErrorHandling()
#10 /www/kinsta/public/portfolio/wp-content/plugins/timber-library/vendor/twig/twig/src/Environment.php(497) : eval()'d code(35): Twig\Template->display()
#11 /www/kinsta/public/portfolio/wp-content/plugins/timber-library/vendor/twig/twig/src/Template.php(455): __TwigTemplate_dcd8376fcb8715bd05e8478bc4281769c309ca12583e0cae71d5a236fb43df30->doDisplay()
#12 /www/kinsta/public/portfolio/wp-content/plugins/timber-library/vendor/twig/twig/src/Template.php(422): Twig\Template->displayWithErrorHandling()
#13 /www/kinsta/public/portfolio/wp-content/plugins/timber-library/vendor/twig/twig/src/Template.php(434): Twig\Template->display()
#14 /www/kinsta/public/portfolio/wp-content/plugins/timber-library/vendor/twig/twig/src/TemplateWrapper.php(47): Twig\Template->render()
#15 /www/kinsta/public/portfolio/wp-content/plugins/timber-library/lib/Loader.php(79): Twig\TemplateWrapper->render()
#16 /www/kinsta/public/portfolio/wp-content/plugins/timber-library/lib/Timber.php(334): Timber\Loader->render()
#17 /www/kinsta/public/portfolio/wp-content/plugins/timber-library/lib/Timber.php(383): Timber\Timber::compile()
#18 /www/kinsta/public/portfolio/wp-content/plugins/timber-library/lib/Timber.php(410): Timber\Timber::fetch()
#19 /www/kinsta/public/portfolio/wp-content/themes/portfolio/page.php(12): Timber\Timber::render()
#20 /www/kinsta/public/portfolio/wp-includes/template-loader.php(106): include('...')
#21 /www/kinsta/public/portfolio/wp-blog-header.php(19): require_once('...')
#22 /www/kinsta/public/portfolio/index.php(17): require('...')
#23 {main}
  thrown in /www/kinsta/public/portfolio/wp-content/plugins/timber-library/vendor/twig/twig/src/Loader/FilesystemLoader.php on line 265
[15-Oct-2022 16:34:09 UTC] PHP Fatal error:  Uncaught Twig\Error\LoaderError: Unable to find template "parts/scripts/scripts-head.twig" (looked into: /www/kinsta/public/portfolio/wp-content/themes/portfolio, /www/kinsta/public/portfolio/wp-content/themes/portfolio/views, ) in "html-header.twig" at line 26. in /www/kinsta/public/portfolio/wp-content/plugins/timber-library/vendor/twig/twig/src/Loader/FilesystemLoader.php:265
Stack trace:
#0 /www/kinsta/public/portfolio/wp-content/plugins/timber-library/vendor/twig/twig/src/Loader/FilesystemLoader.php(161): Twig\Loader\FilesystemLoader->findTemplate()
#1 /www/kinsta/public/portfolio/wp-content/plugins/timber-library/vendor/twig/twig/src/Environment.php(351): Twig\Loader\FilesystemLoader->getCacheKey()
#2 /www/kinsta/public/portfolio/wp-content/plugins/timber-library/vendor/twig/twig/src/Environment.php(445): Twig\Environment->getTemplateClass()
#3 /www/kinsta/public/portfolio/wp-content/plugins/timber-library/vendor/twig/twig/src/Template.php(377): Twig\Environment->loadTemplate()
#4 /www/kinsta/public/portfolio/wp-content/plugins/timber-library/vendor/twig/twig/src/Environment.php(497) : eval()'d code(111): Twig\Template->loadTemplate()
#5 /www/kinsta/public/portfolio/wp-content/plugins/timber-library/vendor/twig/twig/src/Template.php(455): __TwigTemplate_c4fb34adb14ed530d58334bceb3e6ad1619625a32843e718150a09a7edd97ed4->doDisplay()
#6 /www/kinsta/public/portfolio/wp-content/plugins/timber-library/vendor/twig/twig/src/Template.php(422): Twig\Template->displayWithErrorHandling()
#7 /www/kinsta/public/portfolio/wp-content/plugins/timber-library/vendor/twig/twig/src/Environment.php(497) : eval()'d code(39): Twig\Template->display()
#8 /www/kinsta/public/portfolio/wp-content/plugins/timber-library/vendor/twig/twig/src/Template.php(455): __TwigTemplate_b119613360a5ac0f34328c2fa49c6b7a515d022552ab67104448acc4d7c5a9df->doDisplay()
#9 /www/kinsta/public/portfolio/wp-content/plugins/timber-library/vendor/twig/twig/src/Template.php(422): Twig\Template->displayWithErrorHandling()
#10 /www/kinsta/public/portfolio/wp-content/plugins/timber-library/vendor/twig/twig/src/Environment.php(497) : eval()'d code(35): Twig\Template->display()
#11 /www/kinsta/public/portfolio/wp-content/plugins/timber-library/vendor/twig/twig/src/Template.php(455): __TwigTemplate_dcd8376fcb8715bd05e8478bc4281769c309ca12583e0cae71d5a236fb43df30->doDisplay()
#12 /www/kinsta/public/portfolio/wp-content/plugins/timber-library/vendor/twig/twig/src/Template.php(422): Twig\Template->displayWithErrorHandling()
#13 /www/kinsta/public/portfolio/wp-content/plugins/timber-library/vendor/twig/twig/src/Template.php(434): Twig\Template->display()
#14 /www/kinsta/public/portfolio/wp-content/plugins/timber-library/vendor/twig/twig/src/TemplateWrapper.php(47): Twig\Template->render()
#15 /www/kinsta/public/portfolio/wp-content/plugins/timber-library/lib/Loader.php(79): Twig\TemplateWrapper->render()
#16 /www/kinsta/public/portfolio/wp-content/plugins/timber-library/lib/Timber.php(334): Timber\Loader->render()
#17 /www/kinsta/public/portfolio/wp-content/plugins/timber-library/lib/Timber.php(383): Timber\Timber::compile()
#18 /www/kinsta/public/portfolio/wp-content/plugins/timber-library/lib/Timber.php(410): Timber\Timber::fetch()
#19 /www/kinsta/public/portfolio/wp-content/themes/portfolio/page.php(12): Timber\Timber::render()
#20 /www/kinsta/public/portfolio/wp-includes/template-loader.php(106): include('...')
#21 /www/kinsta/public/portfolio/wp-blog-header.php(19): require_once('...')
#22 /www/kinsta/public/portfolio/index.php(17): require('...')
#23 {main}
  thrown in /www/kinsta/public/portfolio/wp-content/plugins/timber-library/vendor/twig/twig/src/Loader/FilesystemLoader.php on line 265
